<html>
<head>
<title>TestNG:  RestAPI</title>
<link href="../testng.css" rel="stylesheet" type="text/css" />
<link href="../my-testng.css" rel="stylesheet" type="text/css" />

<style type="text/css">
.log { display: none;} 
.stack-trace { display: none;} 
</style>
<script type="text/javascript">
<!--
function flip(e) {
  current = e.style.display;
  if (current == 'block') {
    e.style.display = 'none';
    return 0;
  }
  else {
    e.style.display = 'block';
    return 1;
  }
}

function toggleBox(szDivId, elem, msg1, msg2)
{
  var res = -1;  if (document.getElementById) {
    res = flip(document.getElementById(szDivId));
  }
  else if (document.all) {
    // this is the way old msie versions work
    res = flip(document.all[szDivId]);
  }
  if(elem) {
    if(res == 0) elem.innerHTML = msg1; else elem.innerHTML = msg2;
  }

}

function toggleAllBoxes() {
  if (document.getElementsByTagName) {
    d = document.getElementsByTagName('div');
    for (i = 0; i < d.length; i++) {
      if (d[i].className == 'log') {
        flip(d[i]);
      }
    }
  }
}

// -->
</script>

</head>
<body>
<h2 align='center'>RestAPI</h2><table border='1' align="center">
<tr>
<td>Tests passed/Failed/Skipped:</td><td>11/1/0</td>
</tr><tr>
<td>Started on:</td><td>Sun Mar 03 16:06:19 MST 2019</td>
</tr>
<tr><td>Total time:</td><td>23 seconds (23205 ms)</td>
</tr><tr>
<td>Included groups:</td><td></td>
</tr><tr>
<td>Excluded groups:</td><td></td>
</tr>
</table><p/>
<small><i>(Hover the method name to see the test class name)</i></small><p/>
<table width='100%' border='1' class='invocation-failed'>
<tr><td colspan='4' align='center'><b>FAILED TESTS</b></td></tr>
<tr><td><b>Test method</b></td>
<td width="30%"><b>Exception</b></td>
<td width="10%"><b>Time (seconds)</b></td>
<td><b>Instance</b></td>
</tr>
<tr>
<td title='RestAssuredMaven.RestAssuredMaven.CreateAndDeletePlaceXMLTest.Test1()'><b>Test1</b><br>Test class: RestAssuredMaven.RestAssuredMaven.CreateAndDeletePlaceXMLTest</td>
<td><div><pre>io.restassured.path.xml.exception.XmlPathException: Failed to parse the XML document
	at io.restassured.path.xml.XmlPath$LazyXmlParser.invoke(XmlPath.java:1021)
	at io.restassured.path.xml.XmlPath.getFromPath(XmlPath.java:422)
	at io.restassured.path.xml.XmlPath.get(XmlPath.java:317)
	at RestAssuredMaven.RestAssuredMaven.CreateAndDeletePlaceXMLTest.Test1(CreateAndDeletePlaceXMLTest.java:61)
Caused by: org.xml.sax.SAXParseException; lineNumber: 1; columnNumber: 1; Premature end of file.
	at com.sun.org.apache.xerces.internal.parsers.AbstractSAXParser.parse(AbstractSAXParser.java:1239)
	at com.sun.org.apache.xerces.internal.jaxp.SAXParserImpl$JAXPSAXParser.parse(SAXParserImpl.java:643)
	at groovy.util.XmlSlurper.parse(XmlSlurper.java:205)
	at groovy.util.XmlSlurper.parse(XmlSlurper.java:258)
	at groovy.util.XmlSlurper.parseText(XmlSlurper.java:284)
	at io.restassured.path.xml.XmlPath$1.method(XmlPath.java:838)
	at io.restassured.path.xml.XmlPath$LazyXmlParser.invoke(XmlPath.java:1014)
	... 31 more
... Removed 28 stack frames</pre></div><a href='#' onClick='toggleBox("stack-trace626393072", this, "Click to show all stack frames", "Click to hide stack frames")'>Click to show all stack frames</a>
<div class='stack-trace' id='stack-trace626393072'><pre>io.restassured.path.xml.exception.XmlPathException: Failed to parse the XML document
	at io.restassured.path.xml.XmlPath$LazyXmlParser.invoke(XmlPath.java:1021)
	at io.restassured.path.xml.XmlPath.getFromPath(XmlPath.java:422)
	at io.restassured.path.xml.XmlPath.get(XmlPath.java:317)
	at RestAssuredMaven.RestAssuredMaven.CreateAndDeletePlaceXMLTest.Test1(CreateAndDeletePlaceXMLTest.java:61)
	at sun.reflect.NativeMethodAccessorImpl.invoke0(Native Method)
	at sun.reflect.NativeMethodAccessorImpl.invoke(NativeMethodAccessorImpl.java:62)
	at sun.reflect.DelegatingMethodAccessorImpl.invoke(DelegatingMethodAccessorImpl.java:43)
	at java.lang.reflect.Method.invoke(Method.java:498)
	at org.testng.internal.MethodInvocationHelper.invokeMethod(MethodInvocationHelper.java:124)
	at org.testng.internal.Invoker.invokeMethod(Invoker.java:583)
	at org.testng.internal.Invoker.invokeTestMethod(Invoker.java:719)
	at org.testng.internal.Invoker.invokeTestMethods(Invoker.java:989)
	at org.testng.internal.TestMethodWorker.invokeTestMethods(TestMethodWorker.java:125)
	at org.testng.internal.TestMethodWorker.run(TestMethodWorker.java:109)
	at org.testng.TestRunner.privateRun(TestRunner.java:648)
	at org.testng.TestRunner.run(TestRunner.java:505)
	at org.testng.SuiteRunner.runTest(SuiteRunner.java:455)
	at org.testng.SuiteRunner.runSequentially(SuiteRunner.java:450)
	at org.testng.SuiteRunner.privateRun(SuiteRunner.java:415)
	at org.testng.SuiteRunner.run(SuiteRunner.java:364)
	at org.testng.SuiteRunnerWorker.runSuite(SuiteRunnerWorker.java:52)
	at org.testng.SuiteRunnerWorker.run(SuiteRunnerWorker.java:84)
	at org.testng.TestNG.runSuitesSequentially(TestNG.java:1208)
	at org.testng.TestNG.runSuitesLocally(TestNG.java:1137)
	at org.testng.TestNG.runSuites(TestNG.java:1049)
	at org.testng.TestNG.run(TestNG.java:1017)
	at org.apache.maven.surefire.testng.TestNGExecutor.run(TestNGExecutor.java:295)
	at org.apache.maven.surefire.testng.TestNGXmlTestSuite.execute(TestNGXmlTestSuite.java:84)
	at org.apache.maven.surefire.testng.TestNGProvider.invoke(TestNGProvider.java:90)
	at org.apache.maven.surefire.booter.ForkedBooter.invokeProviderInSameClassLoader(ForkedBooter.java:203)
	at org.apache.maven.surefire.booter.ForkedBooter.runSuitesInProcess(ForkedBooter.java:155)
	at org.apache.maven.surefire.booter.ForkedBooter.main(ForkedBooter.java:103)
Caused by: org.xml.sax.SAXParseException; lineNumber: 1; columnNumber: 1; Premature end of file.
	at com.sun.org.apache.xerces.internal.parsers.AbstractSAXParser.parse(AbstractSAXParser.java:1239)
	at com.sun.org.apache.xerces.internal.jaxp.SAXParserImpl$JAXPSAXParser.parse(SAXParserImpl.java:643)
	at groovy.util.XmlSlurper.parse(XmlSlurper.java:205)
	at groovy.util.XmlSlurper.parse(XmlSlurper.java:258)
	at groovy.util.XmlSlurper.parseText(XmlSlurper.java:284)
	at io.restassured.path.xml.XmlPath$1.method(XmlPath.java:838)
	at io.restassured.path.xml.XmlPath$LazyXmlParser.invoke(XmlPath.java:1014)
	... 31 more
</pre></div></td>
<td>0</td>
<td>RestAssuredMaven.RestAssuredMaven.CreateAndDeletePlaceXMLTest@754ba872</td></tr>
</table><p>
<table width='100%' border='1' class='invocation-passed'>
<tr><td colspan='4' align='center'><b>PASSED TESTS</b></td></tr>
<tr><td><b>Test method</b></td>
<td width="30%"><b>Exception</b></td>
<td width="10%"><b>Time (seconds)</b></td>
<td><b>Instance</b></td>
</tr>
<tr>
<td title='RestAssuredMaven.RestAssuredMaven.JiraAPIBasics.JiraAPI()'><b>JiraAPI</b><br>Test class: RestAssuredMaven.RestAssuredMaven.JiraAPIBasics</td>
<td></td>
<td>1</td>
<td>RestAssuredMaven.RestAssuredMaven.JiraAPIBasics@53b32d7</td></tr>
<tr>
<td title='RestAssuredMaven.RestAssuredMaven.JiraAPIAddUpdateCommentPUT.JiraAPI()'><b>JiraAPI</b><br>Test class: RestAssuredMaven.RestAssuredMaven.JiraAPIAddUpdateCommentPUT</td>
<td></td>
<td>0</td>
<td>RestAssuredMaven.RestAssuredMaven.JiraAPIAddUpdateCommentPUT@5442a311</td></tr>
<tr>
<td title='RestAssuredMaven.RestAssuredMaven.CreateDeletePlaceConfigTest.Test1()'><b>Test1</b><br>Test class: RestAssuredMaven.RestAssuredMaven.CreateDeletePlaceConfigTest</td>
<td></td>
<td>4</td>
<td>RestAssuredMaven.RestAssuredMaven.CreateDeletePlaceConfigTest@343f4d3d</td></tr>
<tr>
<td title='RestAssuredMaven.RestAssuredMaven.CreateAndDeletePlaceTest.Test1()'><b>Test1</b><br>Test class: RestAssuredMaven.RestAssuredMaven.CreateAndDeletePlaceTest</td>
<td></td>
<td>1</td>
<td>RestAssuredMaven.RestAssuredMaven.CreateAndDeletePlaceTest@1a968a59</td></tr>
<tr>
<td title='RestAssuredMaven.RestAssuredMaven.PostCreatePlaceTest.Test1()'><b>Test1</b><br>Test class: RestAssuredMaven.RestAssuredMaven.PostCreatePlaceTest</td>
<td></td>
<td>0</td>
<td>RestAssuredMaven.RestAssuredMaven.PostCreatePlaceTest@4667ae56</td></tr>
<tr>
<td title='RestAssuredMaven.RestAssuredMaven.LibraryAPITest.TestAPI()'><b>TestAPI</b><br>Test class: RestAssuredMaven.RestAssuredMaven.LibraryAPITest</td>
<td></td>
<td>2</td>
<td>RestAssuredMaven.RestAssuredMaven.LibraryAPITest@77cd7a0</td></tr>
<tr>
<td title='RestAssuredMaven.RestAssuredMaven.StaticJSONTest.TestAPI()'><b>TestAPI</b><br>Test class: RestAssuredMaven.RestAssuredMaven.StaticJSONTest</td>
<td></td>
<td>3</td>
<td>RestAssuredMaven.RestAssuredMaven.StaticJSONTest@204f30ec</td></tr>
<tr>
<td title='RestAssuredMaven.RestAssuredMaven.DynamicJSONTest.TestAPI()'><b>TestAPI</b><br>Test class: RestAssuredMaven.RestAssuredMaven.DynamicJSONTest</td>
<td></td>
<td>2</td>
<td>RestAssuredMaven.RestAssuredMaven.DynamicJSONTest@e25b2fe</td></tr>
<tr>
<td title='RestAssuredMaven.RestAssuredMaven.DataParameterizationTest.addBook()'><b>addBook</b><br>Test class: RestAssuredMaven.RestAssuredMaven.DataParameterizationTest<br>Parameters: abc, 1236</td>
<td></td>
<td>1</td>
<td>RestAssuredMaven.RestAssuredMaven.DataParameterizationTest@548e7350</td></tr>
<tr>
<td title='RestAssuredMaven.RestAssuredMaven.DataParameterizationTest.addBook()'><b>addBook</b><br>Test class: RestAssuredMaven.RestAssuredMaven.DataParameterizationTest<br>Parameters: def, 4561</td>
<td></td>
<td>1</td>
<td>RestAssuredMaven.RestAssuredMaven.DataParameterizationTest@548e7350</td></tr>
<tr>
<td title='RestAssuredMaven.RestAssuredMaven.DataParameterizationTest.addBook()'><b>addBook</b><br>Test class: RestAssuredMaven.RestAssuredMaven.DataParameterizationTest<br>Parameters: ghi, 7890</td>
<td></td>
<td>1</td>
<td>RestAssuredMaven.RestAssuredMaven.DataParameterizationTest@548e7350</td></tr>
</table><p>
</body>
</html>